<?xml version="1.0" encoding="UTF-8"?>
<!-- Generated by org.testng.reporters.JUnitReportReporter -->
<testsuite hostname="DESKTOP-S552G9G" failures="0" tests="1" name="com.bpl.hrm.settingstest.BearerTokenGenerationTest" time="10.180" errors="0" timestamp="20 Sept 2024 12:58:00 GMT" skipped="0">
  <testcase classname="com.bpl.hrm.settingstest.BearerTokenGenerationTest" name="bearerTokenGeneration" time="10.180"/>
</testsuite> <!-- com.bpl.hrm.settingstest.BearerTokenGenerationTest -->
