<?xml version="1.0" encoding="UTF-8"?>
<!-- Generated by org.testng.reporters.JUnitReportReporter -->
<testsuite hostname="DESKTOP-S552G9G" failures="0" tests="1" name="com.bpl.hrm.employeetest.ModifyEmployeeTest" time="18.964" errors="0" timestamp="20 Sept 2024 12:58:00 GMT" skipped="0">
  <testcase classname="com.bpl.hrm.employeetest.ModifyEmployeeTest" name="modifyEmpDetails" time="18.964"/>
</testsuite> <!-- com.bpl.hrm.employeetest.ModifyEmployeeTest -->
