<?xml version="1.0" encoding="UTF-8"?>
<!-- Generated by org.testng.reporters.JUnitReportReporter -->
<testsuite hostname="DESKTOP-S552G9G" failures="0" tests="1" name="com.bpl.hrm.payrolltest.ActivePayrollTest" time="23.498" errors="0" timestamp="20 Sept 2024 12:58:00 GMT" skipped="0">
  <testcase classname="com.bpl.hrm.payrolltest.ActivePayrollTest" name="updatePayroll" time="23.498"/>
</testsuite> <!-- com.bpl.hrm.payrolltest.ActivePayrollTest -->
