<?xml version="1.0" encoding="UTF-8"?>
<!-- Generated by org.testng.reporters.JUnitReportReporter -->
<testsuite hostname="DESKTOP-S552G9G" failures="0" tests="1" name="com.bpl.hrm.settings.BearerTokenGenerationTest" time="15.890" errors="0" timestamp="19 Sept 2024 10:50:49 GMT" skipped="0">
  <testcase classname="com.bpl.hrm.settings.BearerTokenGenerationTest" name="bearerTokenGeneration" time="15.890"/>
</testsuite> <!-- com.bpl.hrm.settings.BearerTokenGenerationTest -->
