<?xml version="1.0" encoding="UTF-8"?>
<!-- Generated by org.testng.reporters.JUnitReportReporter -->
<testsuite hostname="DESKTOP-S552G9G" failures="0" tests="1" name="com.bpl.hrm.resources.DownloadFileFromResources" time="12.045" errors="0" timestamp="19 Sept 2024 09:59:13 GMT" skipped="0">
  <testcase classname="com.bpl.hrm.resources.DownloadFileFromResources" name="downloadExcelFile" time="12.045"/>
</testsuite> <!-- com.bpl.hrm.resources.DownloadFileFromResources -->
