<?xml version="1.0" encoding="UTF-8"?>
<!-- Generated by org.testng.reporters.JUnitReportReporter -->
<testsuite hostname="DESKTOP-S552G9G" failures="0" tests="1" name="com.bpl.hrm.payrolltest.ActivePayroll" time="17.249" errors="0" timestamp="20 Sept 2024 11:46:52 GMT" skipped="0">
  <testcase classname="com.bpl.hrm.payrolltest.ActivePayroll" name="updatePayroll" time="17.249"/>
</testsuite> <!-- com.bpl.hrm.payrolltest.ActivePayroll -->
