<?xml version="1.0" encoding="UTF-8"?>
<!-- Generated by org.testng.reporters.JUnitReportReporter -->
<testsuite hostname="DESKTOP-S552G9G" failures="0" tests="1" name="com.bpl.hrm.employee.ModifyEmployeeTest" time="14.693" errors="0" timestamp="19 Sept 2024 04:09:38 GMT" skipped="0">
  <testcase classname="com.bpl.hrm.employee.ModifyEmployeeTest" name="modifyEmpDetails" time="14.693"/>
</testsuite> <!-- com.bpl.hrm.employee.ModifyEmployeeTest -->
