<?xml version="1.0" encoding="UTF-8"?>
<!-- Generated by org.testng.reporters.JUnitReportReporter -->
<testsuite hostname="DESKTOP-S552G9G" failures="0" tests="1" name="com.bpl.hrm.payrolltest.UpdatePayrollTest" time="13.813" errors="0" timestamp="23 Sept 2024 07:53:47 GMT" skipped="0">
  <testcase classname="com.bpl.hrm.payrolltest.UpdatePayrollTest" name="updatePayroll" time="13.813"/>
</testsuite> <!-- com.bpl.hrm.payrolltest.UpdatePayrollTest -->
