<?xml version="1.0" encoding="UTF-8"?>
<!-- Generated by org.testng.reporters.JUnitReportReporter -->
<testsuite hostname="DESKTOP-S552G9G" failures="0" tests="1" name="com.bpl.hrm.projects.ExportProjects" time="7.950" errors="0" timestamp="19 Sept 2024 10:29:58 GMT" skipped="0">
  <testcase classname="com.bpl.hrm.projects.ExportProjects" name="exportProjectDetails" time="7.950"/>
</testsuite> <!-- com.bpl.hrm.projects.ExportProjects -->
