<?xml version="1.0" encoding="UTF-8"?>
<!-- Generated by org.testng.reporters.JUnitReportReporter -->
<testsuite hostname="DESKTOP-S552G9G" failures="0" tests="2" name="com.bpl.hrm.projectstest.ProjectsTest" time="23.627" errors="0" timestamp="23 Sept 2024 07:53:47 GMT" skipped="0">
  <testcase classname="com.bpl.hrm.projectstest.ProjectsTest" name="deleteProject" time="12.649"/>
  <testcase classname="com.bpl.hrm.projectstest.ProjectsTest" name="exportProjectDetails" time="10.978"/>
</testsuite> <!-- com.bpl.hrm.projectstest.ProjectsTest -->
