<?xml version="1.0" encoding="UTF-8"?>
<!-- Generated by org.testng.reporters.JUnitReportReporter -->
<testsuite hostname="DESKTOP-S552G9G" failures="0" tests="1" name="com.bpl.hrm.employeetest.ModifyEmployeeTest" time="14.178" errors="0" timestamp="21 Sept 2024 09:51:48 GMT" skipped="0">
  <testcase classname="com.bpl.hrm.employeetest.ModifyEmployeeTest" name="modifyEmpDetails" time="14.178"/>
</testsuite> <!-- com.bpl.hrm.employeetest.ModifyEmployeeTest -->
