<?xml version="1.0" encoding="UTF-8"?>
<!-- Generated by org.testng.reporters.JUnitReportReporter -->
<testsuite hostname="DESKTOP-S552G9G" failures="0" tests="1" name="com.bpl.hrm.projects.DeleteProjectTest" time="19.204" errors="0" timestamp="19 Sept 2024 12:55:29 GMT" skipped="0">
  <testcase classname="com.bpl.hrm.projects.DeleteProjectTest" name="deleteProject" time="19.204"/>
</testsuite> <!-- com.bpl.hrm.projects.DeleteProjectTest -->
