<?xml version="1.0" encoding="UTF-8"?>
<!-- Generated by org.testng.reporters.JUnitReportReporter -->
<testsuite hostname="DESKTOP-S552G9G" failures="0" tests="1" name="com.bpl.hrm.payroll.ActivePayroll" time="49.570" errors="0" timestamp="20 Sept 2024 05:50:14 GMT" skipped="0">
  <testcase classname="com.bpl.hrm.payroll.ActivePayroll" name="updatePayroll" time="49.570"/>
</testsuite> <!-- com.bpl.hrm.payroll.ActivePayroll -->
