<?xml version="1.0" encoding="UTF-8"?>
<!-- Generated by org.testng.reporters.JUnitReportReporter -->
<testsuite hostname="DESKTOP-S552G9G" failures="0" tests="2" name="com.bpl.hrm.projectstest.DeleteProjectTest" time="23.926" errors="0" timestamp="23 Sept 2024 04:38:12 GMT" skipped="0">
  <testcase classname="com.bpl.hrm.projectstest.DeleteProjectTest" name="exportProjectDetails" time="8.708"/>
  <testcase classname="com.bpl.hrm.projectstest.DeleteProjectTest" name="deleteProject" time="15.218"/>
</testsuite> <!-- com.bpl.hrm.projectstest.DeleteProjectTest -->
