<?xml version="1.0" encoding="UTF-8"?>
<!-- Generated by org.testng.reporters.JUnitReportReporter -->
<testsuite hostname="DESKTOP-S552G9G" failures="0" tests="2" name="com.bpl.hrm.employeetest.AssignProjectToEmployeeTest" time="29.230" errors="0" timestamp="23 Sept 2024 07:53:47 GMT" skipped="0">
  <testcase classname="com.bpl.hrm.employeetest.AssignProjectToEmployeeTest" name="assignProjectToEmployee" time="15.067"/>
  <testcase classname="com.bpl.hrm.employeetest.AssignProjectToEmployeeTest" name="modifyEmpDetailsTest" time="14.163"/>
</testsuite> <!-- com.bpl.hrm.employeetest.AssignProjectToEmployeeTest -->
