<?xml version="1.0" encoding="UTF-8"?>
<!-- Generated by org.testng.reporters.JUnitReportReporter -->
<testsuite hostname="DESKTOP-S552G9G" failures="0" tests="1" name="com.bpl.hrm.payrolltest.ActivePayrollTest" time="20.539" errors="0" timestamp="21 Sept 2024 09:51:48 GMT" skipped="0">
  <testcase classname="com.bpl.hrm.payrolltest.ActivePayrollTest" name="updatePayroll" time="20.539"/>
</testsuite> <!-- com.bpl.hrm.payrolltest.ActivePayrollTest -->
